[2025-04-18 13:03:12,281] INFO in app_copy1: === MarsLifeHub запущен ===
[2025-04-18 13:03:14,039] INFO in app_copy1: === MarsLifeHub запущен ===
[2025-04-18 13:24:47,008] INFO in app_copy1: === MarsLifeHub запущен ===
[2025-04-18 13:27:01,562] INFO in app_copy1: === MarsLifeHub запущен ===
[2025-04-18 13:27:03,412] INFO in app_copy1: === MarsLifeHub запущен ===
[2025-04-18 13:28:30,621] INFO in app_copy1: === MarsLifeHub запущен ===
[2025-04-18 13:31:17,474] INFO in app_copy1: === MarsLifeHub запущен ===
[2025-04-18 13:32:01,613] INFO in app_copy1: === MarsLifeHub запущен ===
[2025-04-18 13:32:03,855] INFO in app_copy1: === MarsLifeHub запущен ===
[2025-04-18 13:36:57,726] INFO in app_copy1: === MarsLifeHub запущен ===
[2025-04-18 13:36:59,421] INFO in app_copy1: === MarsLifeHub запущен ===
[2025-04-18 13:45:20,928] INFO in app_copy1: === MarsLifeHub запущен ===
[2025-04-18 13:45:22,633] INFO in app_copy1: === MarsLifeHub запущен ===
[2025-04-18 13:45:47,739] INFO in app_copy1: === MarsLifeHub запущен ===
[2025-04-18 13:47:20,250] INFO in app_copy1: === MarsLifeHub запущен ===
[2025-04-18 13:47:22,087] INFO in app_copy1: === MarsLifeHub запущен ===
[2025-04-18 15:20:01,570] INFO in app_copy1: === MarsLifeHub запущен ===
[2025-04-18 15:20:05,366] INFO in app_copy1: === MarsLifeHub запущен ===
[2025-04-18 15:24:33,764] INFO in app_copy1: === MarsLifeHub запущен ===
[2025-04-18 15:24:35,505] INFO in app_copy1: === MarsLifeHub запущен ===
[2025-04-18 15:31:41,354] INFO in app_copy1: === MarsLifeHub запущен ===
[2025-04-18 15:36:18,699] INFO in app_copy1: === MarsLifeHub запущен ===
[2025-04-18 15:36:20,333] INFO in app_copy1: === MarsLifeHub запущен ===
[2025-04-18 15:36:49,020] INFO in app_copy1: === MarsLifeHub запущен ===
[2025-04-18 15:36:50,959] INFO in app_copy1: === MarsLifeHub запущен ===
[2025-04-18 16:14:30,329] INFO in app_copy1: === MarsLifeHub запущен ===
[2025-04-18 17:51:36,711] INFO in app_copy1: === MarsLifeHub запущен ===
[2025-04-18 17:51:38,418] INFO in app_copy1: === MarsLifeHub запущен ===
[2025-04-18 17:52:45,656] INFO in app_copy1: === MarsLifeHub запущен ===
[2025-04-18 17:52:47,313] INFO in app_copy1: === MarsLifeHub запущен ===
[2025-04-18 17:53:23,752] INFO in app_copy1: Новый пользователь зарегистрирован: username="dad", email="DAD@1.RU", ip=127.0.0.1
[2025-04-18 18:02:35,463] INFO in app_copy1: === MarsLifeHub запущен ===
[2025-04-18 18:02:37,316] INFO in app_copy1: === MarsLifeHub запущен ===
[2025-04-18 18:07:04,085] INFO in app_copy1: === MarsLifeHub запущен ===
[2025-04-18 18:14:24,290] INFO in app_copy1: === MarsLifeHub запущен ===
[2025-04-18 18:14:26,001] INFO in app_copy1: === MarsLifeHub запущен ===
[2025-04-18 19:21:20,154] INFO in app_copy1: === MarsLifeHub запущен ===
[2025-04-18 19:21:20,971] INFO in app_copy1: === MarsLifeHub запущен ===
[2025-04-23 11:59:13,372] INFO in app_copy1: === MarsLifeHub запущен ===
[2025-04-23 11:59:14,031] INFO in app_copy1: === MarsLifeHub запущен ===
[2025-04-23 12:00:24,630] INFO in app_copy1: Новый пользователь зарегистрирован: username="Artem", email="artem@mars.ru", ip=127.0.0.1
[2025-04-23 12:01:27,298] INFO in app_copy1: Новый пользователь зарегистрирован: username="qwer", email="qwer@qwer.com", ip=127.0.0.1
[2025-04-23 12:05:48,915] INFO in app_copy1: === MarsLifeHub запущен ===
[2025-04-23 12:05:49,764] INFO in app_copy1: === MarsLifeHub запущен ===
[2025-04-23 12:13:17,679] INFO in app_copy1: === MarsLifeHub запущен ===
[2025-04-23 12:13:18,452] INFO in app_copy1: === MarsLifeHub запущен ===
[2025-04-23 12:14:23,370] INFO in app_copy1: === MarsLifeHub запущен ===
[2025-04-24 03:20:42,165] INFO in app_copy1: === MarsLifeHub запущен ===
[2025-04-24 03:21:34,085] INFO in app_copy1: === MarsLifeHub запущен ===
[2025-04-24 03:21:34,888] INFO in app_copy1: === MarsLifeHub запущен ===
[2025-04-24 03:39:27,736] INFO in app_copy1: === MarsLifeHub запущен ===
[2025-04-24 03:39:28,447] INFO in app_copy1: === MarsLifeHub запущен ===
[2025-04-24 03:49:11,366] INFO in app_copy1: === MarsLifeHub запущен ===
[2025-04-24 03:49:12,076] INFO in app_copy1: === MarsLifeHub запущен ===
[2025-04-24 03:54:48,841] INFO in app_copy1: === MarsLifeHub запущен ===
[2025-04-24 03:54:49,342] INFO in app_copy1: === MarsLifeHub запущен ===
[2025-04-24 03:56:06,297] INFO in app_copy1: Новый пользователь зарегистрирован: username="marsianin", email="marsianin@mars.com", ip=127.0.0.1
[2025-04-24 04:03:32,982] INFO in app_copy1: === MarsLifeHub запущен ===
[2025-04-24 04:06:00,252] INFO in app_copy1: === MarsLifeHub запущен ===
[2025-04-24 04:06:00,793] INFO in app_copy1: === MarsLifeHub запущен ===
[2025-04-24 04:08:59,093] INFO in app_copy1: === MarsLifeHub запущен ===
[2025-04-24 04:09:27,420] INFO in app_copy1: === MarsLifeHub запущен ===
[2025-04-24 04:09:27,904] INFO in app_copy1: === MarsLifeHub запущен ===
[2025-04-24 04:17:58,047] INFO in app_copy1: === MarsLifeHub запущен ===
[2025-04-24 04:19:16,139] INFO in app_copy1: === MarsLifeHub запущен ===
[2025-04-24 04:19:16,635] INFO in app_copy1: === MarsLifeHub запущен ===
[2025-04-24 04:45:07,360] INFO in app_copy1: === MarsLifeHub запущен ===
[2025-04-24 04:45:08,141] INFO in app_copy1: === MarsLifeHub запущен ===
[2025-04-24 14:30:34,979] INFO in app_copy1: === MarsLifeHub запущен ===
[2025-04-24 14:30:35,601] INFO in app_copy1: === MarsLifeHub запущен ===
[2025-04-24 14:59:41,077] INFO in app_copy1: === MarsLifeHub запущен ===
[2025-04-24 14:59:41,670] INFO in app_copy1: === MarsLifeHub запущен ===
[2025-04-24 15:05:23,696] INFO in app_copy1: === MarsLifeHub запущен ===
[2025-04-24 15:05:24,268] INFO in app_copy1: === MarsLifeHub запущен ===
[2025-04-24 16:05:17,744] INFO in app_copy1: === MarsLifeHub запущен ===
[2025-04-24 16:05:18,622] INFO in app_copy1: === MarsLifeHub запущен ===
[2025-04-24 17:55:59,162] INFO in app_copy1: Executing query: SELECT CAST(NULL AS INTEGER), CAST(NULL AS TEXT), CAST(NULL AS TEXT), CAST(NULL AS TEXT), CAST(NULL AS TEXT) WHERE 1=0 UNION SELECT NULL, NULL, NULL, NULL, NULL FROM "user"
[2025-04-24 17:56:07,176] ERROR in app_copy1: SQL Error in UNION SELECT: Invalid number of columns: expected 5, got 4
[2025-04-24 17:56:29,835] INFO in app_copy1: Executing query: SELECT CAST(NULL AS INTEGER), CAST(NULL AS TEXT), CAST(NULL AS TEXT), CAST(NULL AS TEXT), CAST(NULL AS TEXT) WHERE 1=0 UNION SELECT NULL, NULL, NULL, NULl, NULL FROM "user"
[2025-04-24 17:56:41,871] INFO in app_copy1: Executing query: SELECT CAST(NULL AS INTEGER), CAST(NULL AS TEXT), CAST(NULL AS TEXT), CAST(NULL AS TEXT), CAST(NULL AS TEXT) WHERE 1=0 UNION SELECT id, NULL, NULL, NULl, NULL FROM "user"
[2025-04-24 17:57:04,293] ERROR in app_copy1: SQL Error in UNION SELECT: Invalid column order: expected username at position 2, got role
[2025-04-24 17:58:05,240] INFO in app_copy1: Executing query: SELECT CAST(NULL AS INTEGER), CAST(NULL AS TEXT), CAST(NULL AS TEXT), CAST(NULL AS TEXT), CAST(NULL AS TEXT) WHERE 1=0 UNION SELECT id, username, NULL, NULl, NULL FROM "user"
[2025-04-24 18:40:46,010] INFO in app_copy1: === MarsLifeHub запущен ===
[2025-04-24 18:40:48,522] INFO in app_copy1: === MarsLifeHub запущен ===
[2025-04-24 18:41:41,776] WARNING in app_copy1: Попытка регистрации с существующим username: admin, ip=127.0.0.1
[2025-04-24 18:42:05,371] INFO in app_copy1: Новый пользователь зарегистрирован: username="fa", email="fa@or.com", ip=127.0.0.1
[2025-04-24 18:47:17,826] INFO in app_copy1: === MarsLifeHub запущен ===
[2025-04-24 18:47:19,500] INFO in app_copy1: === MarsLifeHub запущен ===
[2025-04-24 18:51:50,318] INFO in app_copy1: === MarsLifeHub запущен ===
[2025-04-24 18:51:52,073] INFO in app_copy1: === MarsLifeHub запущен ===
[2025-04-24 18:55:39,035] INFO in app_copy1: === MarsLifeHub запущен ===
[2025-04-24 18:55:40,627] INFO in app_copy1: === MarsLifeHub запущен ===
[2025-04-24 18:57:05,756] INFO in app_copy1: === MarsLifeHub запущен ===
[2025-04-24 18:57:07,473] INFO in app_copy1: === MarsLifeHub запущен ===
[2025-04-24 19:02:30,048] INFO in app_copy1: === MarsLifeHub запущен ===
[2025-04-24 19:02:31,663] INFO in app_copy1: === MarsLifeHub запущен ===
[2025-04-24 19:22:20,592] INFO in app_copy1: === MarsLifeHub запущен ===
[2025-04-24 19:22:22,376] INFO in app_copy1: === MarsLifeHub запущен ===
[2025-04-24 19:24:17,346] INFO in app_copy1: Новый пользователь зарегистрирован: username="test", email="test@1.ru", ip=127.0.0.1
